<?xml version="1.0" encoding="UTF-8"?>
<!-- Generated by org.testng.reporters.JUnitReportReporter -->
<testsuite hostname="usconfig" failures="0" tests="7" name="SimpleTest" time="0.005" errors="0" timestamp="2025-03-29T14:30:27 MSK" skipped="0">
  <testcase classname="SimpleTest" name="test right property" time="0.001"/>
  <testcase classname="SimpleTest" name="test copy constructor" time="0.004"/>
  <testcase classname="SimpleTest" name="test default constructor" time="0.000"/>
  <testcase classname="SimpleTest" name="test parameterized constructor" time="0.000"/>
  <testcase classname="SimpleTest" name="test value property" time="0.000"/>
  <testcase classname="SimpleTest" name="test single value constructor" time="0.000"/>
  <testcase classname="SimpleTest" name="test left property" time="0.000"/>
</testsuite> <!-- SimpleTest -->
