<?xml version="1.0" encoding="UTF-8"?>
<!-- Generated by org.testng.reporters.JUnitReportReporter -->
<testsuite hostname="usconfig" failures="0" tests="5" name="BinTree_test" time="0.001" errors="0" timestamp="2025-03-29T14:30:27 MSK" skipped="0">
  <testcase classname="BinTree_test" name="insert smaller value" time="0.001"/>
  <testcase classname="BinTree_test" name="multiple inserts build correct BST" time="0.000"/>
  <testcase classname="BinTree_test" name="insert into empty tree" time="0.000"/>
  <testcase classname="BinTree_test" name="insert duplicate value should be ignored" time="0.000"/>
  <testcase classname="BinTree_test" name="insert larger value" time="0.000"/>
</testsuite> <!-- BinTree_test -->
